<?xml version="1.0" encoding="UTF-8"?>
<testng-results ignored="0" total="1" passed="1" failed="0" skipped="0">
  <reporter-output>
  </reporter-output>
  <suite started-at="2021-07-29T13:03:13 PDT" name="Default suite" finished-at="2021-07-29T13:03:39 PDT" duration-ms="25284">
    <groups>
    </groups>
    <test started-at="2021-07-29T13:03:13 PDT" name="Default test" finished-at="2021-07-29T13:03:39 PDT" duration-ms="25284">
      <class name="TestNG.TestNG">
        <test-method is-config="true" signature="beforeMethod()[pri:0, instance:TestNG.TestNG@609db43b]" started-at="2021-07-29T13:03:14 PDT" name="beforeMethod" finished-at="2021-07-29T13:03:14 PDT" duration-ms="4" status="PASS">
          <reporter-output>
          </reporter-output>
        </test-method> <!-- beforeMethod -->
        <test-method signature="testcase1()[pri:0, instance:TestNG.TestNG@609db43b]" started-at="2021-07-29T13:03:14 PDT" name="testcase1" finished-at="2021-07-29T13:03:39 PDT" duration-ms="25031" status="PASS">
          <reporter-output>
          </reporter-output>
        </test-method> <!-- testcase1 -->
        <test-method is-config="true" signature="afterMethod()[pri:0, instance:TestNG.TestNG@609db43b]" started-at="2021-07-29T13:03:39 PDT" name="afterMethod" finished-at="2021-07-29T13:03:39 PDT" duration-ms="184" status="PASS">
          <reporter-output>
          </reporter-output>
        </test-method> <!-- afterMethod -->
      </class> <!-- TestNG.TestNG -->
    </test> <!-- Default test -->
  </suite> <!-- Default suite -->
</testng-results>
